[debug] [2017-08-28T09:11:44.537Z] ----------------------------------------------------------------------
[debug] [2017-08-28T09:11:44.541Z] Command:       C:\Program Files\nodejs\node.exe C:\Users\Nicholas\AppData\Roaming\npm\node_modules\firebase-tools\bin\firebase deploy
[debug] [2017-08-28T09:11:44.542Z] CLI Version:   3.9.2
[debug] [2017-08-28T09:11:44.542Z] Platform:      win32
[debug] [2017-08-28T09:11:44.542Z] Node Version:  v6.11.2
[debug] [2017-08-28T09:11:44.543Z] Time:          Mon Aug 28 2017 11:11:44 GMT+0200 (South Africa Standard Time)
[debug] [2017-08-28T09:11:44.543Z] ----------------------------------------------------------------------
[debug] 
[debug] [2017-08-28T09:11:44.616Z] > command requires scopes: ["email","openid","https://www.googleapis.com/auth/cloudplatformprojects.readonly","https://www.googleapis.com/auth/firebase","https://www.googleapis.com/auth/cloud-platform"]
[debug] [2017-08-28T09:11:44.616Z] > authorizing via signed-in user
[debug] [2017-08-28T09:11:44.619Z] > refreshing access token with scopes: ["email","https://www.googleapis.com/auth/cloud-platform","https://www.googleapis.com/auth/cloudplatformprojects.readonly","https://www.googleapis.com/auth/firebase","openid"]
[debug] [2017-08-28T09:11:44.620Z] >>> HTTP REQUEST POST https://www.googleapis.com/oauth2/v3/token { refresh_token: '1/pAcVGbFK1BakI6_r9XyRqzbPZppv3uLavWHoXSGwuOA',
  client_id: '563584335869-fgrhgmd47bqnekij5i8b5pr03ho849e6.apps.googleusercontent.com',
  client_secret: 'j9iVZfS8kkCEFUPaAeJV0sAi',
  grant_type: 'refresh_token',
  scope: 'email https://www.googleapis.com/auth/cloud-platform https://www.googleapis.com/auth/cloudplatformprojects.readonly https://www.googleapis.com/auth/firebase openid' } 
 Mon Aug 28 2017 11:11:44 GMT+0200 (South Africa Standard Time)
[debug] [2017-08-28T09:11:45.519Z] <<< HTTP RESPONSE 200
[debug] [2017-08-28T09:11:45.570Z] >>> HTTP REQUEST GET https://admin.firebase.com/v1/projects/nicholas-smith  
 Mon Aug 28 2017 11:11:45 GMT+0200 (South Africa Standard Time)
[debug] [2017-08-28T09:11:47.166Z] <<< HTTP RESPONSE 200
[debug] [2017-08-28T09:11:47.167Z] >>> HTTP REQUEST GET https://admin.firebase.com/v1/database/nicholas-smith/tokens  
 Mon Aug 28 2017 11:11:47 GMT+0200 (South Africa Standard Time)
[debug] [2017-08-28T09:11:48.671Z] <<< HTTP RESPONSE 200
[info] 
[info] === Deploying to 'nicholas-smith'...
[info] 
[info] i  deploying hosting
[info] i  hosting: preparing Portfolio directory for upload...
[debug] [2017-08-28T09:11:53.545Z] >>> HTTP REQUEST PUT https://deploy.firebase.com/v1/hosting/nicholas-smith/uploads/-Ksc6AbcpIwiJ7w_jjFR?fileCount=86&message=  
 Mon Aug 28 2017 11:11:53 GMT+0200 (South Africa Standard Time)
[debug] [2017-08-28T09:13:22.916Z] <<< HTTP RESPONSE 200
[debug] [2017-08-28T09:13:22.916Z] [hosting] .tgz uploaded successfully, waiting for extraction
